{
  "RSpec": {
    "coverage": {
      "/Users/hamdan/RubyMineProjects/moip-test/spec/log_entry_spec.rb": [
        1,
        1,
        null,
        1,
        null,
        1,
        null,
        1,
        2,
        null,
        null,
        1,
        1,
        1,
        1,
        null,
        null,
        null,
        1,
        1,
        1,
        1,
        null,
        null
      ],
      "/Users/hamdan/RubyMineProjects/moip-test/bin/lib/log_entry.rb": [
        1,
        1,
        1,
        10002,
        null,
        10002,
        10002,
        null,
        null,
        1,
        null,
        1,
        10002,
        null,
        null,
        210267,
        10002,
        210267,
        null,
        10002,
        null,
        null
      ],
      "/Users/hamdan/RubyMineProjects/moip-test/spec/log_parser_spec.rb": [
        1,
        1,
        null,
        1,
        null,
        1,
        1,
        null,
        1,
        2,
        null,
        null,
        1,
        1,
        1,
        1,
        null,
        null,
        1,
        1,
        1,
        null,
        null,
        null,
        1,
        1,
        1,
        null,
        null
      ],
      "/Users/hamdan/RubyMineProjects/moip-test/bin/lib/log_parser.rb": [
        1,
        null,
        null,
        1,
        null,
        1,
        null,
        1,
        3,
        3,
        null,
        3,
        null,
        null,
        1,
        0,
        0,
        null,
        null,
        null,
        1,
        0,
        0,
        null,
        null,
        null,
        1,
        null,
        1,
        3,
        10002,
        10002,
        null,
        null,
        null,
        1,
        10000,
        null,
        null,
        1,
        10002,
        2,
        null,
        10002,
        null,
        null,
        1,
        0,
        0,
        null,
        0,
        null,
        0,
        0,
        null,
        null,
        0,
        null,
        null,
        1,
        0,
        0,
        null,
        0,
        null,
        0,
        0,
        null,
        null,
        0,
        null,
        null
      ]
    },
    "timestamp": 1494356215
  }
}
